<?xml version="1.0" encoding="UTF-8"?>
<testng-results ignored="0" total="7" passed="7" failed="0" skipped="0">
  <reporter-output>
  </reporter-output>
  <suite started-at="2026-07-18T13:45:13 PKT" name="Orange HRM AUTOMATED TEST CASE REPORT" finished-at="2026-07-18T13:46:00 PKT" duration-ms="46921">
    <groups>
    </groups>
    <test started-at="2026-07-18T13:45:13 PKT" name="Orange HRM Login" finished-at="2026-07-18T13:46:00 PKT" duration-ms="46921">
      <class name="orangeHRM.OrangeHRMLogin">
        <test-method is-config="true" signature="setupAndLaunchURL()[pri:0, instance:orangeHRM.OrangeHRMLogin@1b68ddbd]" started-at="2026-07-18T13:45:13 PKT" name="setupAndLaunchURL" finished-at="2026-07-18T13:45:44 PKT" duration-ms="31340" status="PASS">
          <reporter-output>
          </reporter-output>
        </test-method> <!-- setupAndLaunchURL -->
        <test-method signature="ActualUrlTest()[pri:1, instance:orangeHRM.OrangeHRMLogin@1b68ddbd]" started-at="2026-07-18T13:45:44 PKT" name="ActualUrlTest" finished-at="2026-07-18T13:45:45 PKT" duration-ms="51" status="PASS">
          <reporter-output>
          </reporter-output>
        </test-method> <!-- ActualUrlTest -->
        <test-method is-config="true" signature="getResult(org.testng.ITestResult)[pri:0, instance:orangeHRM.OrangeHRMLogin@1b68ddbd]" started-at="2026-07-18T13:45:45 PKT" name="getResult" finished-at="2026-07-18T13:45:45 PKT" duration-ms="153" status="PASS">
          <params>
            <param index="0">
              <value>
                <![CDATA[[TestResult name=ActualUrlTest status=SUCCESS method=OrangeHRMLogin.ActualUrlTest()[pri:1, instance:orangeHRM.OrangeHRMLogin@1b68ddbd] output={null}]]]>
              </value>
            </param>
          </params>
          <reporter-output>
          </reporter-output>
        </test-method> <!-- getResult -->
        <test-method signature="testTitle()[pri:2, instance:orangeHRM.OrangeHRMLogin@1b68ddbd]" started-at="2026-07-18T13:45:45 PKT" name="testTitle" finished-at="2026-07-18T13:45:46 PKT" duration-ms="1024" status="PASS">
          <reporter-output>
          </reporter-output>
        </test-method> <!-- testTitle -->
        <test-method is-config="true" signature="getResult(org.testng.ITestResult)[pri:0, instance:orangeHRM.OrangeHRMLogin@1b68ddbd]" started-at="2026-07-18T13:45:46 PKT" name="getResult" finished-at="2026-07-18T13:45:46 PKT" duration-ms="113" status="PASS">
          <params>
            <param index="0">
              <value>
                <![CDATA[[TestResult name=testTitle status=SUCCESS method=OrangeHRMLogin.testTitle()[pri:2, instance:orangeHRM.OrangeHRMLogin@1b68ddbd] output={null}]]]>
              </value>
            </param>
          </params>
          <reporter-output>
          </reporter-output>
        </test-method> <!-- getResult -->
        <test-method signature="testEmptyUserNameAndPasswordValidation()[pri:3, instance:orangeHRM.OrangeHRMLogin@1b68ddbd]" started-at="2026-07-18T13:45:46 PKT" name="testEmptyUserNameAndPasswordValidation" finished-at="2026-07-18T13:45:47 PKT" duration-ms="889" status="PASS">
          <reporter-output>
          </reporter-output>
        </test-method> <!-- testEmptyUserNameAndPasswordValidation -->
        <test-method is-config="true" signature="getResult(org.testng.ITestResult)[pri:0, instance:orangeHRM.OrangeHRMLogin@1b68ddbd]" started-at="2026-07-18T13:45:47 PKT" name="getResult" finished-at="2026-07-18T13:45:47 PKT" duration-ms="110" status="PASS">
          <params>
            <param index="0">
              <value>
                <![CDATA[[TestResult name=testEmptyUserNameAndPasswordValidation status=SUCCESS method=OrangeHRMLogin.testEmptyUserNameAndPasswordValidation()[pri:3, instance:orangeHRM.OrangeHRMLogin@1b68ddbd] output={null}]]]>
              </value>
            </param>
          </params>
          <reporter-output>
          </reporter-output>
        </test-method> <!-- getResult -->
        <test-method signature="testInvalidUserNameAndPasswordValidation()[pri:4, instance:orangeHRM.OrangeHRMLogin@1b68ddbd]" started-at="2026-07-18T13:45:47 PKT" name="testInvalidUserNameAndPasswordValidation" finished-at="2026-07-18T13:45:49 PKT" duration-ms="2485" status="PASS">
          <reporter-output>
          </reporter-output>
        </test-method> <!-- testInvalidUserNameAndPasswordValidation -->
        <test-method is-config="true" signature="getResult(org.testng.ITestResult)[pri:0, instance:orangeHRM.OrangeHRMLogin@1b68ddbd]" started-at="2026-07-18T13:45:49 PKT" name="getResult" finished-at="2026-07-18T13:45:49 PKT" duration-ms="110" status="PASS">
          <params>
            <param index="0">
              <value>
                <![CDATA[[TestResult name=testInvalidUserNameAndPasswordValidation status=SUCCESS method=OrangeHRMLogin.testInvalidUserNameAndPasswordValidation()[pri:4, instance:orangeHRM.OrangeHRMLogin@1b68ddbd] output={null}]]]>
              </value>
            </param>
          </params>
          <reporter-output>
          </reporter-output>
        </test-method> <!-- getResult -->
        <test-method signature="testInvalidUserNameAndValidPasswordValidation()[pri:5, instance:orangeHRM.OrangeHRMLogin@1b68ddbd]" started-at="2026-07-18T13:45:49 PKT" name="testInvalidUserNameAndValidPasswordValidation" finished-at="2026-07-18T13:45:52 PKT" duration-ms="2180" status="PASS">
          <reporter-output>
          </reporter-output>
        </test-method> <!-- testInvalidUserNameAndValidPasswordValidation -->
        <test-method is-config="true" signature="getResult(org.testng.ITestResult)[pri:0, instance:orangeHRM.OrangeHRMLogin@1b68ddbd]" started-at="2026-07-18T13:45:52 PKT" name="getResult" finished-at="2026-07-18T13:45:52 PKT" duration-ms="113" status="PASS">
          <params>
            <param index="0">
              <value>
                <![CDATA[[TestResult name=testInvalidUserNameAndValidPasswordValidation status=SUCCESS method=OrangeHRMLogin.testInvalidUserNameAndValidPasswordValidation()[pri:5, instance:orangeHRM.OrangeHRMLogin@1b68ddbd] output={null}]]]>
              </value>
            </param>
          </params>
          <reporter-output>
          </reporter-output>
        </test-method> <!-- getResult -->
        <test-method signature="testValidUserNameAndInvalidPasswordValidation()[pri:6, instance:orangeHRM.OrangeHRMLogin@1b68ddbd]" started-at="2026-07-18T13:45:52 PKT" name="testValidUserNameAndInvalidPasswordValidation" finished-at="2026-07-18T13:45:54 PKT" duration-ms="2507" status="PASS">
          <reporter-output>
          </reporter-output>
        </test-method> <!-- testValidUserNameAndInvalidPasswordValidation -->
        <test-method is-config="true" signature="getResult(org.testng.ITestResult)[pri:0, instance:orangeHRM.OrangeHRMLogin@1b68ddbd]" started-at="2026-07-18T13:45:54 PKT" name="getResult" finished-at="2026-07-18T13:45:54 PKT" duration-ms="108" status="PASS">
          <params>
            <param index="0">
              <value>
                <![CDATA[[TestResult name=testValidUserNameAndInvalidPasswordValidation status=SUCCESS method=OrangeHRMLogin.testValidUserNameAndInvalidPasswordValidation()[pri:6, instance:orangeHRM.OrangeHRMLogin@1b68ddbd] output={null}]]]>
              </value>
            </param>
          </params>
          <reporter-output>
          </reporter-output>
        </test-method> <!-- getResult -->
        <test-method signature="testValidUserNameAndPasswordValidation()[pri:7, instance:orangeHRM.OrangeHRMLogin@1b68ddbd]" started-at="2026-07-18T13:45:54 PKT" name="testValidUserNameAndPasswordValidation" finished-at="2026-07-18T13:45:57 PKT" duration-ms="3132" status="PASS">
          <reporter-output>
          </reporter-output>
        </test-method> <!-- testValidUserNameAndPasswordValidation -->
        <test-method is-config="true" signature="getResult(org.testng.ITestResult)[pri:0, instance:orangeHRM.OrangeHRMLogin@1b68ddbd]" started-at="2026-07-18T13:45:57 PKT" name="getResult" finished-at="2026-07-18T13:45:58 PKT" duration-ms="168" status="PASS">
          <params>
            <param index="0">
              <value>
                <![CDATA[[TestResult name=testValidUserNameAndPasswordValidation status=SUCCESS method=OrangeHRMLogin.testValidUserNameAndPasswordValidation()[pri:7, instance:orangeHRM.OrangeHRMLogin@1b68ddbd] output={null}]]]>
              </value>
            </param>
          </params>
          <reporter-output>
          </reporter-output>
        </test-method> <!-- getResult -->
        <test-method is-config="true" signature="tearDown()[pri:0, instance:orangeHRM.OrangeHRMLogin@1b68ddbd]" started-at="2026-07-18T13:45:58 PKT" name="tearDown" finished-at="2026-07-18T13:46:00 PKT" duration-ms="2297" status="PASS">
          <reporter-output>
          </reporter-output>
        </test-method> <!-- tearDown -->
      </class> <!-- orangeHRM.OrangeHRMLogin -->
    </test> <!-- Orange HRM Login -->
  </suite> <!-- Orange HRM AUTOMATED TEST CASE REPORT -->
</testng-results>
