<?xml version="1.0" encoding="UTF-8"?>
<!-- Generated by org.testng.reporters.JUnitReportReporter -->
<testsuite hostname="Umair-Janjua" failures="0" tests="7" name="orangeHRM.OrangeHRMLogin" time="13.143" errors="0" timestamp="2026-07-18T13:46:00 PKT" skipped="0">
  <testcase classname="orangeHRM.OrangeHRMLogin" name="ActualUrlTest" time="0.164"/>
  <testcase classname="orangeHRM.OrangeHRMLogin" name="testTitle" time="1.192"/>
  <testcase classname="orangeHRM.OrangeHRMLogin" name="testEmptyUserNameAndPasswordValidation" time="0.999"/>
  <testcase classname="orangeHRM.OrangeHRMLogin" name="testInvalidUserNameAndPasswordValidation" time="2.593"/>
  <testcase classname="orangeHRM.OrangeHRMLogin" name="testInvalidUserNameAndValidPasswordValidation" time="2.290"/>
  <testcase classname="orangeHRM.OrangeHRMLogin" name="testValidUserNameAndInvalidPasswordValidation" time="2.620"/>
  <testcase classname="orangeHRM.OrangeHRMLogin" name="testValidUserNameAndPasswordValidation" time="3.285"/>
</testsuite> <!-- orangeHRM.OrangeHRMLogin -->
