<?xml version="1.0" encoding="UTF-8"?>
<!-- Generated by org.testng.reporters.JUnitReportReporter -->
<testsuite hostname="Umair-Janjua" failures="0" tests="7" name="orangeHRM.OrangeHRMLogin" time="11.851" errors="0" timestamp="2026-07-22T18:53:15 PKT" skipped="0">
  <testcase classname="orangeHRM.OrangeHRMLogin" name="ActualUrlTest" time="0.108"/>
  <testcase classname="orangeHRM.OrangeHRMLogin" name="testTitle" time="1.133"/>
  <testcase classname="orangeHRM.OrangeHRMLogin" name="testEmptyUserNameAndPasswordValidation" time="0.491"/>
  <testcase classname="orangeHRM.OrangeHRMLogin" name="testInvalidUserNameAndPasswordValidation" time="2.126"/>
  <testcase classname="orangeHRM.OrangeHRMLogin" name="testInvalidUserNameAndValidPasswordValidation" time="2.691"/>
  <testcase classname="orangeHRM.OrangeHRMLogin" name="testValidUserNameAndInvalidPasswordValidation" time="2.400"/>
  <testcase classname="orangeHRM.OrangeHRMLogin" name="testValidUserNameAndPasswordValidation" time="2.902"/>
</testsuite> <!-- orangeHRM.OrangeHRMLogin -->
